\BOOKMARK [0][-]{chapter.1}{\376\377\000S\000t\000r\000u\000k\000t\000u\000r\000a\000\040\000k\000a\000t\000a\000l\000o\000g\000\363\000w}{}
\BOOKMARK [1][-]{section.1.1}{\376\377\000K\000a\000t\000a\000l\000o\000g\000i}{chapter.1}
\BOOKMARK [0][-]{chapter.2}{\376\377\000I\000n\000d\000e\000k\000s\000\040\000p\000r\000z\000e\000s\000t\000r\000z\000e\000n\000i\000\040\000n\000a\000z\000w}{}
\BOOKMARK [1][-]{section.2.1}{\376\377\000L\000i\000s\000t\000a\000\040\000p\000r\000z\000e\000s\000t\000r\000z\000e\000n\000i\000\040\000n\000a\000z\000w}{chapter.2}
\BOOKMARK [0][-]{chapter.3}{\376\377\000I\000n\000d\000e\000k\000s\000\040\000k\000l\000a\000s}{}
\BOOKMARK [1][-]{section.3.1}{\376\377\000H\000i\000e\000r\000a\000r\000c\000h\000i\000a\000\040\000k\000l\000a\000s}{chapter.3}
\BOOKMARK [0][-]{chapter.4}{\376\377\000I\000n\000d\000e\000k\000s\000\040\000k\000l\000a\000s}{}
\BOOKMARK [1][-]{section.4.1}{\376\377\000L\000i\000s\000t\000a\000\040\000k\000l\000a\000s}{chapter.4}
\BOOKMARK [0][-]{chapter.5}{\376\377\000I\000n\000d\000e\000k\000s\000\040\000p\000l\000i\000k\000\363\000w}{}
\BOOKMARK [1][-]{section.5.1}{\376\377\000L\000i\000s\000t\000a\000\040\000p\000l\000i\000k\000\363\000w}{chapter.5}
\BOOKMARK [0][-]{chapter.6}{\376\377\000D\000o\000k\000u\000m\000e\000n\000t\000a\000c\000j\000a\000\040\000k\000a\000t\000a\000l\000o\000g\000\363\000w}{}
\BOOKMARK [1][-]{section.6.1}{\376\377\000D\000o\000k\000u\000m\000e\000n\000t\000a\000c\000j\000a\000\040\000k\000a\000t\000a\000l\000o\000g\000u\000\040\000b\000u\000i\000l\000d\000/}{chapter.6}
\BOOKMARK [1][-]{section.6.2}{\376\377\000D\000o\000k\000u\000m\000e\000n\000t\000a\000c\000j\000a\000\040\000k\000a\000t\000a\000l\000o\000g\000u\000\040\000b\000u\000i\000l\000d\000/\000C\000M\000a\000k\000e\000F\000i\000l\000e\000s\000/}{chapter.6}
\BOOKMARK [1][-]{section.6.3}{\376\377\000D\000o\000k\000u\000m\000e\000n\000t\000a\000c\000j\000a\000\040\000k\000a\000t\000a\000l\000o\000g\000u\000\040\000b\000u\000i\000l\000d\000/\000C\000M\000a\000k\000e\000F\000i\000l\000e\000s\000/\000C\000o\000m\000p\000i\000l\000e\000r\000I\000d\000C\000/}{chapter.6}
\BOOKMARK [1][-]{section.6.4}{\376\377\000D\000o\000k\000u\000m\000e\000n\000t\000a\000c\000j\000a\000\040\000k\000a\000t\000a\000l\000o\000g\000u\000\040\000b\000u\000i\000l\000d\000/\000C\000M\000a\000k\000e\000F\000i\000l\000e\000s\000/\000C\000o\000m\000p\000i\000l\000e\000r\000I\000d\000C\000X\000X\000/}{chapter.6}
\BOOKMARK [1][-]{section.6.5}{\376\377\000D\000o\000k\000u\000m\000e\000n\000t\000a\000c\000j\000a\000\040\000k\000a\000t\000a\000l\000o\000g\000u\000\040\000i\000n\000c\000l\000u\000d\000e\000/}{chapter.6}
\BOOKMARK [1][-]{section.6.6}{\376\377\000D\000o\000k\000u\000m\000e\000n\000t\000a\000c\000j\000a\000\040\000k\000a\000t\000a\000l\000o\000g\000u\000\040\000s\000r\000c\000/\000o\000b\000s\000o\000l\000e\000t\000e\000/}{chapter.6}
\BOOKMARK [1][-]{section.6.7}{\376\377\000D\000o\000k\000u\000m\000e\000n\000t\000a\000c\000j\000a\000\040\000k\000a\000t\000a\000l\000o\000g\000u\000\040\000i\000n\000c\000l\000u\000d\000e\000/\000o\000b\000s\000o\000l\000e\000t\000e\000/}{chapter.6}
\BOOKMARK [1][-]{section.6.8}{\376\377\000D\000o\000k\000u\000m\000e\000n\000t\000a\000c\000j\000a\000\040\000k\000a\000t\000a\000l\000o\000g\000u\000\040\000s\000r\000c\000/}{chapter.6}
\BOOKMARK [0][-]{chapter.7}{\376\377\000D\000o\000k\000u\000m\000e\000n\000t\000a\000c\000j\000a\000\040\000p\000r\000z\000e\000s\000t\000r\000z\000e\000n\000i\000\040\000n\000a\000z\000w}{}
\BOOKMARK [1][-]{section.7.1}{\376\377\000D\000o\000k\000u\000m\000e\000n\000t\000a\000c\000j\000a\000\040\000p\000r\000z\000e\000s\000t\000r\000z\000e\000n\000i\000\040\000n\000a\000z\000w\000\040\000o\000b\000s\000o\000l\000e\000t\000e}{chapter.7}
\BOOKMARK [2][-]{subsection.7.1.1}{\376\377\000D\000o\000k\000u\000m\000e\000n\000t\000a\000c\000j\000a\000\040\000f\000u\000n\000k\000c\000j\000i}{section.7.1}
\BOOKMARK [3][-]{subsubsection.7.1.1.1}{\376\377\000o\000p\000e\000r\000a\000t\000o\000r\000<\000<}{subsection.7.1.1}
\BOOKMARK [3][-]{subsubsection.7.1.1.2}{\376\377\000o\000p\000e\000r\000a\000t\000o\000r\000>\000>}{subsection.7.1.1}
\BOOKMARK [0][-]{chapter.8}{\376\377\000D\000o\000k\000u\000m\000e\000n\000t\000a\000c\000j\000a\000\040\000k\000l\000a\000s}{}
\BOOKMARK [1][-]{section.8.1}{\376\377\000D\000o\000k\000u\000m\000e\000n\000t\000a\000c\000j\000a\000\040\000k\000l\000a\000s\000y\000\040\000o\000b\000s\000o\000l\000e\000t\000e\000:\000:\000A\000b\000s\000t\000r\000a\000c\000t\000I\000D}{chapter.8}
\BOOKMARK [2][-]{subsection.8.1.1}{\376\377\000O\000p\000i\000s\000\040\000s\000z\000c\000z\000e\000g\000\363\001\102\000o\000w\000y}{section.8.1}
\BOOKMARK [2][-]{subsection.8.1.2}{\376\377\000D\000o\000k\000u\000m\000e\000n\000t\000a\000c\000j\000a\000\040\000k\000o\000n\000s\000t\000r\000u\000k\000t\000o\000r\000a\000\040\000i\000\040\000d\000e\000s\000t\000r\000u\000k\000t\000o\000r\000a}{section.8.1}
\BOOKMARK [3][-]{subsubsection.8.1.2.1}{\376\377\000A\000b\000s\000t\000r\000a\000c\000t\000I\000D}{subsection.8.1.2}
\BOOKMARK [2][-]{subsection.8.1.3}{\376\377\000D\000o\000k\000u\000m\000e\000n\000t\000a\000c\000j\000a\000\040\000p\000r\000z\000y\000j\000a\000c\000i\000\363\001\102\000\040\000i\000\040\000f\000u\000n\000k\000c\000j\000i\000\040\000z\000w\000i\001\005\000z\000a\000n\000y\000c\000h}{section.8.1}
\BOOKMARK [3][-]{subsubsection.8.1.3.1}{\376\377\000o\000p\000e\000r\000a\000t\000o\000r\000<\000<}{subsection.8.1.3}
\BOOKMARK [3][-]{subsubsection.8.1.3.2}{\376\377\000o\000p\000e\000r\000a\000t\000o\000r\000>\000>}{subsection.8.1.3}
\BOOKMARK [2][-]{subsection.8.1.4}{\376\377\000D\000o\000k\000u\000m\000e\000n\000t\000a\000c\000j\000a\000\040\000a\000t\000r\000y\000b\000u\000t\000\363\000w\000\040\000s\000k\001\102\000a\000d\000o\000w\000y\000c\000h}{section.8.1}
\BOOKMARK [3][-]{subsubsection.8.1.4.1}{\376\377\000I\000D}{subsection.8.1.4}
\BOOKMARK [1][-]{section.8.2}{\376\377\000D\000o\000k\000u\000m\000e\000n\000t\000a\000c\000j\000a\000\040\000k\000l\000a\000s\000y\000\040\000o\000b\000s\000o\000l\000e\000t\000e\000:\000:\000A\000b\000s\000t\000r\000a\000c\000t\000I\000D\000G\000e\000n\000e\000r\000a\000t\000o\000r}{chapter.8}
\BOOKMARK [2][-]{subsection.8.2.1}{\376\377\000O\000p\000i\000s\000\040\000s\000z\000c\000z\000e\000g\000\363\001\102\000o\000w\000y}{section.8.2}
\BOOKMARK [2][-]{subsection.8.2.2}{\376\377\000D\000o\000k\000u\000m\000e\000n\000t\000a\000c\000j\000a\000\040\000k\000o\000n\000s\000t\000r\000u\000k\000t\000o\000r\000a\000\040\000i\000\040\000d\000e\000s\000t\000r\000u\000k\000t\000o\000r\000a}{section.8.2}
\BOOKMARK [3][-]{subsubsection.8.2.2.1}{\376\377\000A\000b\000s\000t\000r\000a\000c\000t\000I\000D\000G\000e\000n\000e\000r\000a\000t\000o\000r}{subsection.8.2.2}
\BOOKMARK [2][-]{subsection.8.2.3}{\376\377\000D\000o\000k\000u\000m\000e\000n\000t\000a\000c\000j\000a\000\040\000f\000u\000n\000k\000c\000j\000i\000\040\000s\000k\001\102\000a\000d\000o\000w\000y\000c\000h}{section.8.2}
\BOOKMARK [3][-]{subsubsection.8.2.3.1}{\376\377\000c\000r\000e\000a\000t\000e\000I\000D}{subsection.8.2.3}
\BOOKMARK [3][-]{subsubsection.8.2.3.2}{\376\377\000c\000r\000e\000a\000t\000e\000V\000o\000i\000d\000I\000D}{subsection.8.2.3}
\BOOKMARK [2][-]{subsection.8.2.4}{\376\377\000D\000o\000k\000u\000m\000e\000n\000t\000a\000c\000j\000a\000\040\000a\000t\000r\000y\000b\000u\000t\000\363\000w\000\040\000s\000k\001\102\000a\000d\000o\000w\000y\000c\000h}{section.8.2}
\BOOKMARK [3][-]{subsubsection.8.2.4.1}{\376\377\000I\000D}{subsection.8.2.4}
\BOOKMARK [1][-]{section.8.3}{\376\377\000D\000o\000k\000u\000m\000e\000n\000t\000a\000c\000j\000a\000\040\000k\000l\000a\000s\000y\000\040\000o\000b\000s\000o\000l\000e\000t\000e\000:\000:\000A\000b\000s\000t\000r\000a\000c\000t\000I\000n\000c\000r\000e\000m\000e\000n\000t\000a\000l\000I\000D}{chapter.8}
\BOOKMARK [2][-]{subsection.8.3.1}{\376\377\000O\000p\000i\000s\000\040\000s\000z\000c\000z\000e\000g\000\363\001\102\000o\000w\000y}{section.8.3}
\BOOKMARK [2][-]{subsection.8.3.2}{\376\377\000D\000o\000k\000u\000m\000e\000n\000t\000a\000c\000j\000a\000\040\000k\000o\000n\000s\000t\000r\000u\000k\000t\000o\000r\000a\000\040\000i\000\040\000d\000e\000s\000t\000r\000u\000k\000t\000o\000r\000a}{section.8.3}
\BOOKMARK [3][-]{subsubsection.8.3.2.1}{\376\377\000A\000b\000s\000t\000r\000a\000c\000t\000I\000n\000c\000r\000e\000m\000e\000n\000t\000a\000l\000I\000D}{subsection.8.3.2}
\BOOKMARK [3][-]{subsubsection.8.3.2.2}{\376\377\000A\000b\000s\000t\000r\000a\000c\000t\000I\000n\000c\000r\000e\000m\000e\000n\000t\000a\000l\000I\000D}{subsection.8.3.2}
\BOOKMARK [2][-]{subsection.8.3.3}{\376\377\000D\000o\000k\000u\000m\000e\000n\000t\000a\000c\000j\000a\000\040\000a\000t\000r\000y\000b\000u\000t\000\363\000w\000\040\000s\000k\001\102\000a\000d\000o\000w\000y\000c\000h}{section.8.3}
\BOOKMARK [3][-]{subsubsection.8.3.3.1}{\376\377\000I\000D}{subsection.8.3.3}
\BOOKMARK [1][-]{section.8.4}{\376\377\000D\000o\000k\000u\000m\000e\000n\000t\000a\000c\000j\000a\000\040\000k\000l\000a\000s\000y\000\040\000o\000b\000s\000o\000l\000e\000t\000e\000:\000:\000A\000b\000s\000t\000r\000a\000c\000t\000R\000e\000s\000e\000r\000v\000e\000d\000I\000D}{chapter.8}
\BOOKMARK [2][-]{subsection.8.4.1}{\376\377\000O\000p\000i\000s\000\040\000s\000z\000c\000z\000e\000g\000\363\001\102\000o\000w\000y}{section.8.4}
\BOOKMARK [2][-]{subsection.8.4.2}{\376\377\000D\000o\000k\000u\000m\000e\000n\000t\000a\000c\000j\000a\000\040\000k\000o\000n\000s\000t\000r\000u\000k\000t\000o\000r\000a\000\040\000i\000\040\000d\000e\000s\000t\000r\000u\000k\000t\000o\000r\000a}{section.8.4}
\BOOKMARK [3][-]{subsubsection.8.4.2.1}{\376\377\000A\000b\000s\000t\000r\000a\000c\000t\000R\000e\000s\000e\000r\000v\000e\000d\000I\000D}{subsection.8.4.2}
\BOOKMARK [3][-]{subsubsection.8.4.2.2}{\376\377\000A\000b\000s\000t\000r\000a\000c\000t\000R\000e\000s\000e\000r\000v\000e\000d\000I\000D}{subsection.8.4.2}
\BOOKMARK [2][-]{subsection.8.4.3}{\376\377\000D\000o\000k\000u\000m\000e\000n\000t\000a\000c\000j\000a\000\040\000f\000u\000n\000k\000c\000j\000i\000\040\000s\000k\001\102\000a\000d\000o\000w\000y\000c\000h}{section.8.4}
\BOOKMARK [3][-]{subsubsection.8.4.3.1}{\376\377\000c\000r\000e\000a\000t\000e\000I\000D}{subsection.8.4.3}
\BOOKMARK [2][-]{subsection.8.4.4}{\376\377\000D\000o\000k\000u\000m\000e\000n\000t\000a\000c\000j\000a\000\040\000a\000t\000r\000y\000b\000u\000t\000\363\000w\000\040\000s\000k\001\102\000a\000d\000o\000w\000y\000c\000h}{section.8.4}
\BOOKMARK [3][-]{subsubsection.8.4.4.1}{\376\377\000I\000D}{subsection.8.4.4}
\BOOKMARK [1][-]{section.8.5}{\376\377\000D\000o\000k\000u\000m\000e\000n\000t\000a\000c\000j\000a\000\040\000k\000l\000a\000s\000y\000\040\000E\000v\000e\000n\000t}{chapter.8}
\BOOKMARK [2][-]{subsection.8.5.1}{\376\377\000O\000p\000i\000s\000\040\000s\000z\000c\000z\000e\000g\000\363\001\102\000o\000w\000y}{section.8.5}
\BOOKMARK [2][-]{subsection.8.5.2}{\376\377\000D\000o\000k\000u\000m\000e\000n\000t\000a\000c\000j\000a\000\040\000k\000o\000n\000s\000t\000r\000u\000k\000t\000o\000r\000a\000\040\000i\000\040\000d\000e\000s\000t\000r\000u\000k\000t\000o\000r\000a}{section.8.5}
\BOOKMARK [3][-]{subsubsection.8.5.2.1}{\376\377\000E\000v\000e\000n\000t}{subsection.8.5.2}
\BOOKMARK [3][-]{subsubsection.8.5.2.2}{\376\377\000E\000v\000e\000n\000t}{subsection.8.5.2}
\BOOKMARK [2][-]{subsection.8.5.3}{\376\377\000D\000o\000k\000u\000m\000e\000n\000t\000a\000c\000j\000a\000\040\000p\000r\000z\000y\000j\000a\000c\000i\000\363\001\102\000\040\000i\000\040\000f\000u\000n\000k\000c\000j\000i\000\040\000z\000w\000i\001\005\000z\000a\000n\000y\000c\000h}{section.8.5}
\BOOKMARK [3][-]{subsubsection.8.5.3.1}{\376\377\000o\000p\000e\000r\000a\000t\000o\000r\000<\000<}{subsection.8.5.3}
\BOOKMARK [3][-]{subsubsection.8.5.3.2}{\376\377\000o\000p\000e\000r\000a\000t\000o\000r\000>\000>}{subsection.8.5.3}
\BOOKMARK [2][-]{subsection.8.5.4}{\376\377\000D\000o\000k\000u\000m\000e\000n\000t\000a\000c\000j\000a\000\040\000a\000t\000r\000y\000b\000u\000t\000\363\000w\000\040\000s\000k\001\102\000a\000d\000o\000w\000y\000c\000h}{section.8.5}
\BOOKMARK [3][-]{subsubsection.8.5.4.1}{\376\377\000s\000u\000b\000j\000e\000c\000t\000I\000D}{subsection.8.5.4}
\BOOKMARK [3][-]{subsubsection.8.5.4.2}{\376\377\000t\000e\000r\000m\000s}{subsection.8.5.4}
\BOOKMARK [3][-]{subsubsection.8.5.4.3}{\376\377\000t\000y\000p\000e\000I\000D}{subsection.8.5.4}
\BOOKMARK [1][-]{section.8.6}{\376\377\000D\000o\000k\000u\000m\000e\000n\000t\000a\000c\000j\000a\000\040\000k\000l\000a\000s\000y\000\040\000o\000b\000s\000o\000l\000e\000t\000e\000:\000:\000E\000v\000e\000n\000t\000I\000D}{chapter.8}
\BOOKMARK [2][-]{subsection.8.6.1}{\376\377\000O\000p\000i\000s\000\040\000s\000z\000c\000z\000e\000g\000\363\001\102\000o\000w\000y}{section.8.6}
\BOOKMARK [2][-]{subsection.8.6.2}{\376\377\000D\000o\000k\000u\000m\000e\000n\000t\000a\000c\000j\000a\000\040\000k\000o\000n\000s\000t\000r\000u\000k\000t\000o\000r\000a\000\040\000i\000\040\000d\000e\000s\000t\000r\000u\000k\000t\000o\000r\000a}{section.8.6}
\BOOKMARK [3][-]{subsubsection.8.6.2.1}{\376\377\000E\000v\000e\000n\000t\000I\000D}{subsection.8.6.2}
\BOOKMARK [3][-]{subsubsection.8.6.2.2}{\376\377\000E\000v\000e\000n\000t\000I\000D}{subsection.8.6.2}
\BOOKMARK [2][-]{subsection.8.6.3}{\376\377\000D\000o\000k\000u\000m\000e\000n\000t\000a\000c\000j\000a\000\040\000a\000t\000r\000y\000b\000u\000t\000\363\000w\000\040\000s\000k\001\102\000a\000d\000o\000w\000y\000c\000h}{section.8.6}
\BOOKMARK [3][-]{subsubsection.8.6.3.1}{\376\377\000I\000D}{subsection.8.6.3}
\BOOKMARK [1][-]{section.8.7}{\376\377\000D\000o\000k\000u\000m\000e\000n\000t\000a\000c\000j\000a\000\040\000k\000l\000a\000s\000y\000\040\000o\000b\000s\000o\000l\000e\000t\000e\000:\000:\000E\000v\000e\000n\000t\000I\000D\000G\000e\000n\000e\000r\000a\000t\000o\000r}{chapter.8}
\BOOKMARK [2][-]{subsection.8.7.1}{\376\377\000O\000p\000i\000s\000\040\000s\000z\000c\000z\000e\000g\000\363\001\102\000o\000w\000y}{section.8.7}
\BOOKMARK [2][-]{subsection.8.7.2}{\376\377\000D\000o\000k\000u\000m\000e\000n\000t\000a\000c\000j\000a\000\040\000f\000u\000n\000k\000c\000j\000i\000\040\000s\000k\001\102\000a\000d\000o\000w\000y\000c\000h}{section.8.7}
\BOOKMARK [3][-]{subsubsection.8.7.2.1}{\376\377\000c\000r\000e\000a\000t\000e\000I\000D}{subsection.8.7.2}
\BOOKMARK [3][-]{subsubsection.8.7.2.2}{\376\377\000c\000r\000e\000a\000t\000e\000V\000o\000i\000d\000I\000D}{subsection.8.7.2}
\BOOKMARK [2][-]{subsection.8.7.3}{\376\377\000D\000o\000k\000u\000m\000e\000n\000t\000a\000c\000j\000a\000\040\000a\000t\000r\000y\000b\000u\000t\000\363\000w\000\040\000s\000k\001\102\000a\000d\000o\000w\000y\000c\000h}{section.8.7}
\BOOKMARK [3][-]{subsubsection.8.7.3.1}{\376\377\000I\000D}{subsection.8.7.3}
\BOOKMARK [1][-]{section.8.8}{\376\377\000D\000o\000k\000u\000m\000e\000n\000t\000a\000c\000j\000a\000\040\000k\000l\000a\000s\000y\000\040\000E\000v\000e\000n\000t\000s}{chapter.8}
\BOOKMARK [2][-]{subsection.8.8.1}{\376\377\000O\000p\000i\000s\000\040\000s\000z\000c\000z\000e\000g\000\363\001\102\000o\000w\000y}{section.8.8}
\BOOKMARK [2][-]{subsection.8.8.2}{\376\377\000D\000o\000k\000u\000m\000e\000n\000t\000a\000c\000j\000a\000\040\000k\000o\000n\000s\000t\000r\000u\000k\000t\000o\000r\000a\000\040\000i\000\040\000d\000e\000s\000t\000r\000u\000k\000t\000o\000r\000a}{section.8.8}
\BOOKMARK [3][-]{subsubsection.8.8.2.1}{\376\377\000E\000v\000e\000n\000t\000s}{subsection.8.8.2}
\BOOKMARK [2][-]{subsection.8.8.3}{\376\377\000D\000o\000k\000u\000m\000e\000n\000t\000a\000c\000j\000a\000\040\000f\000u\000n\000k\000c\000j\000i\000\040\000s\000k\001\102\000a\000d\000o\000w\000y\000c\000h}{section.8.8}
\BOOKMARK [3][-]{subsubsection.8.8.3.1}{\376\377\000a\000d\000d\000E\000v\000e\000n\000t}{subsection.8.8.3}
\BOOKMARK [3][-]{subsubsection.8.8.3.2}{\376\377\000c\000r\000e\000a\000t\000e}{subsection.8.8.3}
\BOOKMARK [2][-]{subsection.8.8.4}{\376\377\000D\000o\000k\000u\000m\000e\000n\000t\000a\000c\000j\000a\000\040\000p\000r\000z\000y\000j\000a\000c\000i\000\363\001\102\000\040\000i\000\040\000f\000u\000n\000k\000c\000j\000i\000\040\000z\000w\000i\001\005\000z\000a\000n\000y\000c\000h}{section.8.8}
\BOOKMARK [3][-]{subsubsection.8.8.4.1}{\376\377\000o\000p\000e\000r\000a\000t\000o\000r\000<\000<}{subsection.8.8.4}
\BOOKMARK [3][-]{subsubsection.8.8.4.2}{\376\377\000o\000p\000e\000r\000a\000t\000o\000r\000>\000>}{subsection.8.8.4}
\BOOKMARK [2][-]{subsection.8.8.5}{\376\377\000D\000o\000k\000u\000m\000e\000n\000t\000a\000c\000j\000a\000\040\000a\000t\000r\000y\000b\000u\000t\000\363\000w\000\040\000s\000k\001\102\000a\000d\000o\000w\000y\000c\000h}{section.8.8}
\BOOKMARK [3][-]{subsubsection.8.8.5.1}{\376\377\000e\000v\000e\000n\000t\000I\000D\000G\000e\000n\000e\000r\000a\000t\000o\000r}{subsection.8.8.5}
\BOOKMARK [3][-]{subsubsection.8.8.5.2}{\376\377\000e\000v\000e\000n\000t\000s}{subsection.8.8.5}
\BOOKMARK [3][-]{subsubsection.8.8.5.3}{\376\377\000e\000x\000i\000s\000t\000O\000n\000e}{subsection.8.8.5}
\BOOKMARK [3][-]{subsubsection.8.8.5.4}{\376\377\000i\000n\000i\000t\000i\000a\000l\000i\000z\000e\000d}{subsection.8.8.5}
\BOOKMARK [1][-]{section.8.9}{\376\377\000D\000o\000k\000u\000m\000e\000n\000t\000a\000c\000j\000a\000\040\000k\000l\000a\000s\000y\000\040\000G\000e\000n\000e\000r\000a\000t\000o\000r\000I\000D\000G\000e\000n\000e\000r\000a\000t\000o\000r}{chapter.8}
\BOOKMARK [2][-]{subsection.8.9.1}{\376\377\000O\000p\000i\000s\000\040\000s\000z\000c\000z\000e\000g\000\363\001\102\000o\000w\000y}{section.8.9}
\BOOKMARK [2][-]{subsection.8.9.2}{\376\377\000D\000o\000k\000u\000m\000e\000n\000t\000a\000c\000j\000a\000\040\000k\000o\000n\000s\000t\000r\000u\000k\000t\000o\000r\000a\000\040\000i\000\040\000d\000e\000s\000t\000r\000u\000k\000t\000o\000r\000a}{section.8.9}
\BOOKMARK [3][-]{subsubsection.8.9.2.1}{\376\377\000G\000e\000n\000e\000r\000a\000t\000o\000r\000I\000D\000G\000e\000n\000e\000r\000a\000t\000o\000r}{subsection.8.9.2}
\BOOKMARK [2][-]{subsection.8.9.3}{\376\377\000D\000o\000k\000u\000m\000e\000n\000t\000a\000c\000j\000a\000\040\000f\000u\000n\000k\000c\000j\000i\000\040\000s\000k\001\102\000a\000d\000o\000w\000y\000c\000h}{section.8.9}
\BOOKMARK [3][-]{subsubsection.8.9.3.1}{\376\377\000n\000e\000x\000t\000I\000D\000G\000e\000n\000e\000r\000a\000t\000o\000r}{subsection.8.9.3}
\BOOKMARK [3][-]{subsubsection.8.9.3.2}{\376\377\000v\000o\000i\000d\000I\000D\000G\000e\000n\000e\000r\000a\000t\000o\000r}{subsection.8.9.3}
\BOOKMARK [2][-]{subsection.8.9.4}{\376\377\000D\000o\000k\000u\000m\000e\000n\000t\000a\000c\000j\000a\000\040\000a\000t\000r\000y\000b\000u\000t\000\363\000w\000\040\000s\000k\001\102\000a\000d\000o\000w\000y\000c\000h}{section.8.9}
\BOOKMARK [3][-]{subsubsection.8.9.4.1}{\376\377\000f\000r\000e\000e\000I\000D\000G\000e\000n\000e\000r\000a\000t\000o\000r}{subsection.8.9.4}
\BOOKMARK [1][-]{section.8.10}{\376\377\000D\000o\000k\000u\000m\000e\000n\000t\000a\000c\000j\000a\000\040\000k\000l\000a\000s\000y\000\040\000I\000D\000G\000e\000n\000e\000r\000a\000t\000o\000r\000:\000:\000I\000D}{chapter.8}
\BOOKMARK [2][-]{subsection.8.10.1}{\376\377\000O\000p\000i\000s\000\040\000s\000z\000c\000z\000e\000g\000\363\001\102\000o\000w\000y}{section.8.10}
\BOOKMARK [2][-]{subsection.8.10.2}{\376\377\000D\000o\000k\000u\000m\000e\000n\000t\000a\000c\000j\000a\000\040\000k\000o\000n\000s\000t\000r\000u\000k\000t\000o\000r\000a\000\040\000i\000\040\000d\000e\000s\000t\000r\000u\000k\000t\000o\000r\000a}{section.8.10}
\BOOKMARK [3][-]{subsubsection.8.10.2.1}{\376\377\000I\000D}{subsection.8.10.2}
\BOOKMARK [3][-]{subsubsection.8.10.2.2}{\376\377\000I\000D}{subsection.8.10.2}
\BOOKMARK [2][-]{subsection.8.10.3}{\376\377\000D\000o\000k\000u\000m\000e\000n\000t\000a\000c\000j\000a\000\040\000f\000u\000n\000k\000c\000j\000i\000\040\000s\000k\001\102\000a\000d\000o\000w\000y\000c\000h}{section.8.10}
\BOOKMARK [3][-]{subsubsection.8.10.3.1}{\376\377\000o\000p\000e\000r\000a\000t\000o\000r\000=}{subsection.8.10.3}
\BOOKMARK [2][-]{subsection.8.10.4}{\376\377\000D\000o\000k\000u\000m\000e\000n\000t\000a\000c\000j\000a\000\040\000p\000r\000z\000y\000j\000a\000c\000i\000\363\001\102\000\040\000i\000\040\000f\000u\000n\000k\000c\000j\000i\000\040\000z\000w\000i\001\005\000z\000a\000n\000y\000c\000h}{section.8.10}
\BOOKMARK [3][-]{subsubsection.8.10.4.1}{\376\377\000I\000D\000G\000e\000n\000e\000r\000a\000t\000o\000r}{subsection.8.10.4}
\BOOKMARK [3][-]{subsubsection.8.10.4.2}{\376\377\000o\000p\000e\000r\000a\000t\000o\000r\000<\000<}{subsection.8.10.4}
\BOOKMARK [3][-]{subsubsection.8.10.4.3}{\376\377\000o\000p\000e\000r\000a\000t\000o\000r\000>\000>}{subsection.8.10.4}
\BOOKMARK [2][-]{subsection.8.10.5}{\376\377\000D\000o\000k\000u\000m\000e\000n\000t\000a\000c\000j\000a\000\040\000a\000t\000r\000y\000b\000u\000t\000\363\000w\000\040\000s\000k\001\102\000a\000d\000o\000w\000y\000c\000h}{section.8.10}
\BOOKMARK [3][-]{subsubsection.8.10.5.1}{\376\377\000i\000d}{subsection.8.10.5}
\BOOKMARK [3][-]{subsubsection.8.10.5.2}{\376\377\000t\000y\000p\000e}{subsection.8.10.5}
\BOOKMARK [1][-]{section.8.11}{\376\377\000D\000o\000k\000u\000m\000e\000n\000t\000a\000c\000j\000a\000\040\000k\000l\000a\000s\000y\000\040\000o\000b\000s\000o\000l\000e\000t\000e\000:\000:\000I\000D}{chapter.8}
\BOOKMARK [2][-]{subsection.8.11.1}{\376\377\000O\000p\000i\000s\000\040\000s\000z\000c\000z\000e\000g\000\363\001\102\000o\000w\000y}{section.8.11}
\BOOKMARK [2][-]{subsection.8.11.2}{\376\377\000D\000o\000k\000u\000m\000e\000n\000t\000a\000c\000j\000a\000\040\000f\000u\000n\000k\000c\000j\000i\000\040\000s\000k\001\102\000a\000d\000o\000w\000y\000c\000h}{section.8.11}
\BOOKMARK [3][-]{subsubsection.8.11.2.1}{\376\377\000c\000r\000e\000a\000t\000e\000I\000D}{subsection.8.11.2}
\BOOKMARK [3][-]{subsubsection.8.11.2.2}{\376\377\000c\000r\000e\000a\000t\000e\000I\000D}{subsection.8.11.2}
\BOOKMARK [2][-]{subsection.8.11.3}{\376\377\000D\000o\000k\000u\000m\000e\000n\000t\000a\000c\000j\000a\000\040\000a\000t\000r\000y\000b\000u\000t\000\363\000w\000\040\000s\000k\001\102\000a\000d\000o\000w\000y\000c\000h}{section.8.11}
\BOOKMARK [3][-]{subsubsection.8.11.3.1}{\376\377\000I\000D}{subsection.8.11.3}
\BOOKMARK [3][-]{subsubsection.8.11.3.2}{\376\377\000I\000D}{subsection.8.11.3}
\BOOKMARK [3][-]{subsubsection.8.11.3.3}{\376\377\000I\000D}{subsection.8.11.3}
\BOOKMARK [3][-]{subsubsection.8.11.3.4}{\376\377\000I\000D}{subsection.8.11.3}
\BOOKMARK [1][-]{section.8.12}{\376\377\000D\000o\000k\000u\000m\000e\000n\000t\000a\000c\000j\000a\000\040\000k\000l\000a\000s\000y\000\040\000I\000D\000G\000e\000n\000e\000r\000a\000t\000o\000r}{chapter.8}
\BOOKMARK [2][-]{subsection.8.12.1}{\376\377\000O\000p\000i\000s\000\040\000s\000z\000c\000z\000e\000g\000\363\001\102\000o\000w\000y}{section.8.12}
\BOOKMARK [2][-]{subsection.8.12.2}{\376\377\000D\000o\000k\000u\000m\000e\000n\000t\000a\000c\000j\000a\000\040\000k\000o\000n\000s\000t\000r\000u\000k\000t\000o\000r\000a\000\040\000i\000\040\000d\000e\000s\000t\000r\000u\000k\000t\000o\000r\000a}{section.8.12}
\BOOKMARK [3][-]{subsubsection.8.12.2.1}{\376\377\000I\000D\000G\000e\000n\000e\000r\000a\000t\000o\000r}{subsection.8.12.2}
\BOOKMARK [2][-]{subsection.8.12.3}{\376\377\000D\000o\000k\000u\000m\000e\000n\000t\000a\000c\000j\000a\000\040\000f\000u\000n\000k\000c\000j\000i\000\040\000s\000k\001\102\000a\000d\000o\000w\000y\000c\000h}{section.8.12}
\BOOKMARK [3][-]{subsubsection.8.12.3.1}{\376\377\000i\000n\000i\000t\000i\000a\000l\000i\000z\000e}{subsection.8.12.3}
\BOOKMARK [3][-]{subsubsection.8.12.3.2}{\376\377\000n\000e\000x\000t\000I\000D}{subsection.8.12.3}
\BOOKMARK [3][-]{subsubsection.8.12.3.3}{\376\377\000o\000p\000e\000r\000a\000t\000o\000r\000=}{subsection.8.12.3}
\BOOKMARK [3][-]{subsubsection.8.12.3.4}{\376\377\000v\000o\000i\000d\000I\000D}{subsection.8.12.3}
\BOOKMARK [2][-]{subsection.8.12.4}{\376\377\000D\000o\000k\000u\000m\000e\000n\000t\000a\000c\000j\000a\000\040\000p\000r\000z\000y\000j\000a\000c\000i\000\363\001\102\000\040\000i\000\040\000f\000u\000n\000k\000c\000j\000i\000\040\000z\000w\000i\001\005\000z\000a\000n\000y\000c\000h}{section.8.12}
\BOOKMARK [3][-]{subsubsection.8.12.4.1}{\376\377\000G\000e\000n\000e\000r\000a\000t\000o\000r\000I\000D\000G\000e\000n\000e\000r\000a\000t\000o\000r}{subsection.8.12.4}
\BOOKMARK [3][-]{subsubsection.8.12.4.2}{\376\377\000o\000p\000e\000r\000a\000t\000o\000r\000<\000<}{subsection.8.12.4}
\BOOKMARK [3][-]{subsubsection.8.12.4.3}{\376\377\000o\000p\000e\000r\000a\000t\000o\000r\000>\000>}{subsection.8.12.4}
\BOOKMARK [2][-]{subsection.8.12.5}{\376\377\000D\000o\000k\000u\000m\000e\000n\000t\000a\000c\000j\000a\000\040\000a\000t\000r\000y\000b\000u\000t\000\363\000w\000\040\000s\000k\001\102\000a\000d\000o\000w\000y\000c\000h}{section.8.12}
\BOOKMARK [3][-]{subsubsection.8.12.5.1}{\376\377\000f\000r\000e\000e\000I\000D}{subsection.8.12.5}
\BOOKMARK [3][-]{subsubsection.8.12.5.2}{\376\377\000t\000y\000p\000e}{subsection.8.12.5}
\BOOKMARK [1][-]{section.8.13}{\376\377\000D\000o\000k\000u\000m\000e\000n\000t\000a\000c\000j\000a\000\040\000k\000l\000a\000s\000y\000\040\000o\000b\000s\000o\000l\000e\000t\000e\000:\000:\000M\000a\000r\000k\000I\000D}{chapter.8}
\BOOKMARK [2][-]{subsection.8.13.1}{\376\377\000O\000p\000i\000s\000\040\000s\000z\000c\000z\000e\000g\000\363\001\102\000o\000w\000y}{section.8.13}
\BOOKMARK [2][-]{subsection.8.13.2}{\376\377\000D\000o\000k\000u\000m\000e\000n\000t\000a\000c\000j\000a\000\040\000k\000o\000n\000s\000t\000r\000u\000k\000t\000o\000r\000a\000\040\000i\000\040\000d\000e\000s\000t\000r\000u\000k\000t\000o\000r\000a}{section.8.13}
\BOOKMARK [3][-]{subsubsection.8.13.2.1}{\376\377\000M\000a\000r\000k\000I\000D}{subsection.8.13.2}
\BOOKMARK [3][-]{subsubsection.8.13.2.2}{\376\377\000M\000a\000r\000k\000I\000D}{subsection.8.13.2}
\BOOKMARK [2][-]{subsection.8.13.3}{\376\377\000D\000o\000k\000u\000m\000e\000n\000t\000a\000c\000j\000a\000\040\000a\000t\000r\000y\000b\000u\000t\000\363\000w\000\040\000s\000k\001\102\000a\000d\000o\000w\000y\000c\000h}{section.8.13}
\BOOKMARK [3][-]{subsubsection.8.13.3.1}{\376\377\000I\000D}{subsection.8.13.3}
\BOOKMARK [1][-]{section.8.14}{\376\377\000D\000o\000k\000u\000m\000e\000n\000t\000a\000c\000j\000a\000\040\000k\000l\000a\000s\000y\000\040\000o\000b\000s\000o\000l\000e\000t\000e\000:\000:\000M\000a\000r\000k\000I\000D\000G\000e\000n\000e\000r\000a\000t\000o\000r}{chapter.8}
\BOOKMARK [2][-]{subsection.8.14.1}{\376\377\000O\000p\000i\000s\000\040\000s\000z\000c\000z\000e\000g\000\363\001\102\000o\000w\000y}{section.8.14}
\BOOKMARK [2][-]{subsection.8.14.2}{\376\377\000D\000o\000k\000u\000m\000e\000n\000t\000a\000c\000j\000a\000\040\000f\000u\000n\000k\000c\000j\000i\000\040\000s\000k\001\102\000a\000d\000o\000w\000y\000c\000h}{section.8.14}
\BOOKMARK [3][-]{subsubsection.8.14.2.1}{\376\377\000c\000r\000e\000a\000t\000e\000I\000D}{subsection.8.14.2}
\BOOKMARK [3][-]{subsubsection.8.14.2.2}{\376\377\000c\000r\000e\000a\000t\000e\000V\000o\000i\000d\000I\000D}{subsection.8.14.2}
\BOOKMARK [2][-]{subsection.8.14.3}{\376\377\000D\000o\000k\000u\000m\000e\000n\000t\000a\000c\000j\000a\000\040\000a\000t\000r\000y\000b\000u\000t\000\363\000w\000\040\000s\000k\001\102\000a\000d\000o\000w\000y\000c\000h}{section.8.14}
\BOOKMARK [3][-]{subsubsection.8.14.3.1}{\376\377\000I\000D}{subsection.8.14.3}
\BOOKMARK [1][-]{section.8.15}{\376\377\000D\000o\000k\000u\000m\000e\000n\000t\000a\000c\000j\000a\000\040\000k\000l\000a\000s\000y\000\040\000Q\000D\000a\000t\000e}{chapter.8}
\BOOKMARK [1][-]{section.8.16}{\376\377\000D\000o\000k\000u\000m\000e\000n\000t\000a\000c\000j\000a\000\040\000k\000l\000a\000s\000y\000\040\000o\000b\000s\000o\000l\000e\000t\000e\000:\000:\000S\000t\000a\000t\000e}{chapter.8}
\BOOKMARK [2][-]{subsection.8.16.1}{\376\377\000O\000p\000i\000s\000\040\000s\000z\000c\000z\000e\000g\000\363\001\102\000o\000w\000y}{section.8.16}
\BOOKMARK [2][-]{subsection.8.16.2}{\376\377\000D\000o\000k\000u\000m\000e\000n\000t\000a\000c\000j\000a\000\040\000k\000o\000n\000s\000t\000r\000u\000k\000t\000o\000r\000a\000\040\000i\000\040\000d\000e\000s\000t\000r\000u\000k\000t\000o\000r\000a}{section.8.16}
\BOOKMARK [3][-]{subsubsection.8.16.2.1}{\376\377\000S\000t\000a\000t\000e}{subsection.8.16.2}
\BOOKMARK [2][-]{subsection.8.16.3}{\376\377\000D\000o\000k\000u\000m\000e\000n\000t\000a\000c\000j\000a\000\040\000a\000t\000r\000y\000b\000u\000t\000\363\000w\000\040\000s\000k\001\102\000a\000d\000o\000w\000y\000c\000h}{section.8.16}
\BOOKMARK [3][-]{subsubsection.8.16.3.1}{\376\377\000s\000u\000b\000j\000e\000c\000t\000I\000D\000G\000e\000n\000e\000r\000a\000t\000o\000r}{subsection.8.16.3}
\BOOKMARK [3][-]{subsubsection.8.16.3.2}{\376\377\000s\000u\000b\000j\000e\000c\000t\000M\000a\000p\000p\000i\000n\000g}{subsection.8.16.3}
\BOOKMARK [3][-]{subsubsection.8.16.3.3}{\376\377\000s\000u\000b\000j\000e\000c\000t\000s}{subsection.8.16.3}
\BOOKMARK [1][-]{section.8.17}{\376\377\000D\000o\000k\000u\000m\000e\000n\000t\000a\000c\000j\000a\000\040\000k\000l\000a\000s\000y\000\040\000S\000u\000b\000j\000e\000c\000t}{chapter.8}
\BOOKMARK [2][-]{subsection.8.17.1}{\376\377\000O\000p\000i\000s\000\040\000s\000z\000c\000z\000e\000g\000\363\001\102\000o\000w\000y}{section.8.17}
\BOOKMARK [2][-]{subsection.8.17.2}{\376\377\000D\000o\000k\000u\000m\000e\000n\000t\000a\000c\000j\000a\000\040\000a\000t\000r\000y\000b\000u\000t\000\363\000w\000\040\000s\000k\001\102\000a\000d\000o\000w\000y\000c\000h}{section.8.17}
\BOOKMARK [3][-]{subsubsection.8.17.2.1}{\376\377\000e\000x\000i\000s\000t}{subsection.8.17.2}
\BOOKMARK [3][-]{subsubsection.8.17.2.2}{\376\377\000n\000a\000m\000e}{subsection.8.17.2}
\BOOKMARK [3][-]{subsubsection.8.17.2.3}{\376\377\000t\000y\000p\000e\000I\000D\000G\000e\000n\000e\000r\000a\000t\000o\000r}{subsection.8.17.2}
\BOOKMARK [3][-]{subsubsection.8.17.2.4}{\376\377\000t\000y\000p\000e\000s}{subsection.8.17.2}
\BOOKMARK [3][-]{subsubsection.8.17.2.5}{\376\377\000t\000y\000p\000e\000s\000M\000a\000p\000p\000i\000n\000g}{subsection.8.17.2}
\BOOKMARK [1][-]{section.8.18}{\376\377\000D\000o\000k\000u\000m\000e\000n\000t\000a\000c\000j\000a\000\040\000k\000l\000a\000s\000y\000\040\000o\000b\000s\000o\000l\000e\000t\000e\000:\000:\000S\000u\000b\000j\000e\000c\000t\000I\000D}{chapter.8}
\BOOKMARK [2][-]{subsection.8.18.1}{\376\377\000O\000p\000i\000s\000\040\000s\000z\000c\000z\000e\000g\000\363\001\102\000o\000w\000y}{section.8.18}
\BOOKMARK [2][-]{subsection.8.18.2}{\376\377\000D\000o\000k\000u\000m\000e\000n\000t\000a\000c\000j\000a\000\040\000f\000u\000n\000k\000c\000j\000i\000\040\000s\000k\001\102\000a\000d\000o\000w\000y\000c\000h}{section.8.18}
\BOOKMARK [3][-]{subsubsection.8.18.2.1}{\376\377\000c\000r\000e\000a\000t\000e\000I\000D}{subsection.8.18.2}
\BOOKMARK [2][-]{subsection.8.18.3}{\376\377\000D\000o\000k\000u\000m\000e\000n\000t\000a\000c\000j\000a\000\040\000a\000t\000r\000y\000b\000u\000t\000\363\000w\000\040\000s\000k\001\102\000a\000d\000o\000w\000y\000c\000h}{section.8.18}
\BOOKMARK [3][-]{subsubsection.8.18.3.1}{\376\377\000I\000D}{subsection.8.18.3}
\BOOKMARK [1][-]{section.8.19}{\376\377\000D\000o\000k\000u\000m\000e\000n\000t\000a\000c\000j\000a\000\040\000k\000l\000a\000s\000y\000\040\000o\000b\000s\000o\000l\000e\000t\000e\000:\000:\000S\000u\000b\000j\000e\000c\000t\000I\000D\000G\000e\000n\000e\000r\000a\000t\000o\000r}{chapter.8}
\BOOKMARK [2][-]{subsection.8.19.1}{\376\377\000O\000p\000i\000s\000\040\000s\000z\000c\000z\000e\000g\000\363\001\102\000o\000w\000y}{section.8.19}
\BOOKMARK [2][-]{subsection.8.19.2}{\376\377\000D\000o\000k\000u\000m\000e\000n\000t\000a\000c\000j\000a\000\040\000f\000u\000n\000k\000c\000j\000i\000\040\000s\000k\001\102\000a\000d\000o\000w\000y\000c\000h}{section.8.19}
\BOOKMARK [3][-]{subsubsection.8.19.2.1}{\376\377\000c\000r\000e\000a\000t\000e\000I\000D}{subsection.8.19.2}
\BOOKMARK [3][-]{subsubsection.8.19.2.2}{\376\377\000c\000r\000e\000a\000t\000e\000V\000o\000i\000d\000I\000D}{subsection.8.19.2}
\BOOKMARK [2][-]{subsection.8.19.3}{\376\377\000D\000o\000k\000u\000m\000e\000n\000t\000a\000c\000j\000a\000\040\000a\000t\000r\000y\000b\000u\000t\000\363\000w\000\040\000s\000k\001\102\000a\000d\000o\000w\000y\000c\000h}{section.8.19}
\BOOKMARK [3][-]{subsubsection.8.19.3.1}{\376\377\000I\000D}{subsection.8.19.3}
\BOOKMARK [1][-]{section.8.20}{\376\377\000D\000o\000k\000u\000m\000e\000n\000t\000a\000c\000j\000a\000\040\000k\000l\000a\000s\000y\000\040\000S\000u\000b\000j\000e\000c\000t\000s}{chapter.8}
\BOOKMARK [2][-]{subsection.8.20.1}{\376\377\000O\000p\000i\000s\000\040\000s\000z\000c\000z\000e\000g\000\363\001\102\000o\000w\000y}{section.8.20}
\BOOKMARK [2][-]{subsection.8.20.2}{\376\377\000D\000o\000k\000u\000m\000e\000n\000t\000a\000c\000j\000a\000\040\000f\000u\000n\000k\000c\000j\000i\000\040\000s\000k\001\102\000a\000d\000o\000w\000y\000c\000h}{section.8.20}
\BOOKMARK [3][-]{subsubsection.8.20.2.1}{\376\377\000c\000r\000e\000a\000t\000e}{subsection.8.20.2}
\BOOKMARK [2][-]{subsection.8.20.3}{\376\377\000D\000o\000k\000u\000m\000e\000n\000t\000a\000c\000j\000a\000\040\000a\000t\000r\000y\000b\000u\000t\000\363\000w\000\040\000s\000k\001\102\000a\000d\000o\000w\000y\000c\000h}{section.8.20}
\BOOKMARK [3][-]{subsubsection.8.20.3.1}{\376\377\000e\000x\000i\000s\000t\000O\000n\000e}{subsection.8.20.3}
\BOOKMARK [3][-]{subsubsection.8.20.3.2}{\376\377\000i\000n\000i\000t\000i\000a\000l\000i\000z\000e\000d}{subsection.8.20.3}
\BOOKMARK [3][-]{subsubsection.8.20.3.3}{\376\377\000s\000u\000b\000j\000e\000c\000t\000I\000D\000G\000e\000n\000e\000r\000a\000t\000o\000r}{subsection.8.20.3}
\BOOKMARK [3][-]{subsubsection.8.20.3.4}{\376\377\000s\000u\000b\000j\000e\000c\000t\000M\000a\000p\000p\000i\000n\000g}{subsection.8.20.3}
\BOOKMARK [3][-]{subsubsection.8.20.3.5}{\376\377\000s\000u\000b\000j\000e\000c\000t\000s}{subsection.8.20.3}
\BOOKMARK [1][-]{section.8.21}{\376\377\000D\000o\000k\000u\000m\000e\000n\000t\000a\000c\000j\000a\000\040\000k\000l\000a\000s\000y\000\040\000T\000e\000r\000m}{chapter.8}
\BOOKMARK [2][-]{subsection.8.21.1}{\376\377\000O\000p\000i\000s\000\040\000s\000z\000c\000z\000e\000g\000\363\001\102\000o\000w\000y}{section.8.21}
\BOOKMARK [2][-]{subsection.8.21.2}{\376\377\000D\000o\000k\000u\000m\000e\000n\000t\000a\000c\000j\000a\000\040\000k\000o\000n\000s\000t\000r\000u\000k\000t\000o\000r\000a\000\040\000i\000\040\000d\000e\000s\000t\000r\000u\000k\000t\000o\000r\000a}{section.8.21}
\BOOKMARK [3][-]{subsubsection.8.21.2.1}{\376\377\000T\000e\000r\000m}{subsection.8.21.2}
\BOOKMARK [2][-]{subsection.8.21.3}{\376\377\000D\000o\000k\000u\000m\000e\000n\000t\000a\000c\000j\000a\000\040\000p\000r\000z\000y\000j\000a\000c\000i\000\363\001\102\000\040\000i\000\040\000f\000u\000n\000k\000c\000j\000i\000\040\000z\000w\000i\001\005\000z\000a\000n\000y\000c\000h}{section.8.21}
\BOOKMARK [3][-]{subsubsection.8.21.3.1}{\376\377\000o\000p\000e\000r\000a\000t\000o\000r\000<\000<}{subsection.8.21.3}
\BOOKMARK [3][-]{subsubsection.8.21.3.2}{\376\377\000o\000p\000e\000r\000a\000t\000o\000r\000>\000>}{subsection.8.21.3}
\BOOKMARK [2][-]{subsection.8.21.4}{\376\377\000D\000o\000k\000u\000m\000e\000n\000t\000a\000c\000j\000a\000\040\000a\000t\000r\000y\000b\000u\000t\000\363\000w\000\040\000s\000k\001\102\000a\000d\000o\000w\000y\000c\000h}{section.8.21}
\BOOKMARK [3][-]{subsubsection.8.21.4.1}{\376\377\000e\000v\000e\000n\000t\000I\000D}{subsection.8.21.4}
\BOOKMARK [3][-]{subsubsection.8.21.4.2}{\376\377\000m\000a\000r\000k\000I\000D}{subsection.8.21.4}
\BOOKMARK [3][-]{subsubsection.8.21.4.3}{\376\377\000r\000e\000v\000o\000k\000e}{subsection.8.21.4}
\BOOKMARK [1][-]{section.8.22}{\376\377\000D\000o\000k\000u\000m\000e\000n\000t\000a\000c\000j\000a\000\040\000k\000l\000a\000s\000y\000\040\000T\000y\000p\000e}{chapter.8}
\BOOKMARK [2][-]{subsection.8.22.1}{\376\377\000O\000p\000i\000s\000\040\000s\000z\000c\000z\000e\000g\000\363\001\102\000o\000w\000y}{section.8.22}
\BOOKMARK [2][-]{subsection.8.22.2}{\376\377\000D\000o\000k\000u\000m\000e\000n\000t\000a\000c\000j\000a\000\040\000a\000t\000r\000y\000b\000u\000t\000\363\000w\000\040\000s\000k\001\102\000a\000d\000o\000w\000y\000c\000h}{section.8.22}
\BOOKMARK [3][-]{subsubsection.8.22.2.1}{\376\377\000e\000x\000i\000s\000t}{subsection.8.22.2}
\BOOKMARK [3][-]{subsubsection.8.22.2.2}{\376\377\000n\000a\000m\000e}{subsection.8.22.2}
\BOOKMARK [1][-]{section.8.23}{\376\377\000D\000o\000k\000u\000m\000e\000n\000t\000a\000c\000j\000a\000\040\000k\000l\000a\000s\000y\000\040\000o\000b\000s\000o\000l\000e\000t\000e\000:\000:\000T\000y\000p\000e\000I\000D}{chapter.8}
\BOOKMARK [2][-]{subsection.8.23.1}{\376\377\000O\000p\000i\000s\000\040\000s\000z\000c\000z\000e\000g\000\363\001\102\000o\000w\000y}{section.8.23}
\BOOKMARK [2][-]{subsection.8.23.2}{\376\377\000D\000o\000k\000u\000m\000e\000n\000t\000a\000c\000j\000a\000\040\000f\000u\000n\000k\000c\000j\000i\000\040\000s\000k\001\102\000a\000d\000o\000w\000y\000c\000h}{section.8.23}
\BOOKMARK [3][-]{subsubsection.8.23.2.1}{\376\377\000c\000r\000e\000a\000t\000e\000I\000D}{subsection.8.23.2}
\BOOKMARK [2][-]{subsection.8.23.3}{\376\377\000D\000o\000k\000u\000m\000e\000n\000t\000a\000c\000j\000a\000\040\000a\000t\000r\000y\000b\000u\000t\000\363\000w\000\040\000s\000k\001\102\000a\000d\000o\000w\000y\000c\000h}{section.8.23}
\BOOKMARK [3][-]{subsubsection.8.23.3.1}{\376\377\000I\000D}{subsection.8.23.3}
\BOOKMARK [1][-]{section.8.24}{\376\377\000D\000o\000k\000u\000m\000e\000n\000t\000a\000c\000j\000a\000\040\000k\000l\000a\000s\000y\000\040\000o\000b\000s\000o\000l\000e\000t\000e\000:\000:\000T\000y\000p\000e\000I\000D\000G\000e\000n\000e\000r\000a\000t\000o\000r}{chapter.8}
\BOOKMARK [2][-]{subsection.8.24.1}{\376\377\000O\000p\000i\000s\000\040\000s\000z\000c\000z\000e\000g\000\363\001\102\000o\000w\000y}{section.8.24}
\BOOKMARK [2][-]{subsection.8.24.2}{\376\377\000D\000o\000k\000u\000m\000e\000n\000t\000a\000c\000j\000a\000\040\000f\000u\000n\000k\000c\000j\000i\000\040\000s\000k\001\102\000a\000d\000o\000w\000y\000c\000h}{section.8.24}
\BOOKMARK [3][-]{subsubsection.8.24.2.1}{\376\377\000c\000r\000e\000a\000t\000e\000I\000D}{subsection.8.24.2}
\BOOKMARK [3][-]{subsubsection.8.24.2.2}{\376\377\000c\000r\000e\000a\000t\000e\000V\000o\000i\000d\000I\000D}{subsection.8.24.2}
\BOOKMARK [2][-]{subsection.8.24.3}{\376\377\000D\000o\000k\000u\000m\000e\000n\000t\000a\000c\000j\000a\000\040\000a\000t\000r\000y\000b\000u\000t\000\363\000w\000\040\000s\000k\001\102\000a\000d\000o\000w\000y\000c\000h}{section.8.24}
\BOOKMARK [3][-]{subsubsection.8.24.3.1}{\376\377\000I\000D}{subsection.8.24.3}
\BOOKMARK [0][-]{chapter.9}{\376\377\000D\000o\000k\000u\000m\000e\000n\000t\000a\000c\000j\000a\000\040\000p\000l\000i\000k\000\363\000w}{}
\BOOKMARK [1][-]{section.9.1}{\376\377\000D\000o\000k\000u\000m\000e\000n\000t\000a\000c\000j\000a\000\040\000p\000l\000i\000k\000u\000\040\000b\000u\000i\000l\000d\000/\000C\000M\000a\000k\000e\000F\000i\000l\000e\000s\000/\000C\000o\000m\000p\000i\000l\000e\000r\000I\000d\000C\000/\000C\000M\000a\000k\000e\000C\000C\000o\000m\000p\000i\000l\000e\000r\000I\000d\000.\000c}{chapter.9}
\BOOKMARK [2][-]{subsection.9.1.1}{\376\377\000D\000o\000k\000u\000m\000e\000n\000t\000a\000c\000j\000a\000\040\000d\000e\000f\000i\000n\000i\000c\000j\000i}{section.9.1}
\BOOKMARK [3][-]{subsubsection.9.1.1.1}{\376\377\000A\000R\000C\000H\000I\000T\000E\000C\000T\000U\000R\000E\000\137\000I\000D}{subsection.9.1.1}
\BOOKMARK [3][-]{subsubsection.9.1.1.2}{\376\377\000C\000O\000M\000P\000I\000L\000E\000R\000\137\000I\000D}{subsection.9.1.1}
\BOOKMARK [3][-]{subsubsection.9.1.1.3}{\376\377\000P\000L\000A\000T\000F\000O\000R\000M\000\137\000I\000D}{subsection.9.1.1}
\BOOKMARK [2][-]{subsection.9.1.2}{\376\377\000D\000o\000k\000u\000m\000e\000n\000t\000a\000c\000j\000a\000\040\000f\000u\000n\000k\000c\000j\000i}{section.9.1}
\BOOKMARK [3][-]{subsubsection.9.1.2.1}{\376\377\000m\000a\000i\000n}{subsection.9.1.2}
\BOOKMARK [2][-]{subsection.9.1.3}{\376\377\000D\000o\000k\000u\000m\000e\000n\000t\000a\000c\000j\000a\000\040\000z\000m\000i\000e\000n\000n\000y\000c\000h}{section.9.1}
\BOOKMARK [3][-]{subsubsection.9.1.3.1}{\376\377\000i\000n\000f\000o\000\137\000a\000r\000c\000h}{subsection.9.1.3}
\BOOKMARK [3][-]{subsubsection.9.1.3.2}{\376\377\000i\000n\000f\000o\000\137\000c\000o\000m\000p\000i\000l\000e\000r}{subsection.9.1.3}
\BOOKMARK [3][-]{subsubsection.9.1.3.3}{\376\377\000i\000n\000f\000o\000\137\000p\000l\000a\000t\000f\000o\000r\000m}{subsection.9.1.3}
\BOOKMARK [1][-]{section.9.2}{\376\377\000D\000o\000k\000u\000m\000e\000n\000t\000a\000c\000j\000a\000\040\000p\000l\000i\000k\000u\000\040\000b\000u\000i\000l\000d\000/\000C\000M\000a\000k\000e\000F\000i\000l\000e\000s\000/\000C\000o\000m\000p\000i\000l\000e\000r\000I\000d\000C\000X\000X\000/\000C\000M\000a\000k\000e\000C\000X\000X\000C\000o\000m\000p\000i\000l\000e\000r\000I\000d\000.\000c\000p\000p}{chapter.9}
\BOOKMARK [2][-]{subsection.9.2.1}{\376\377\000D\000o\000k\000u\000m\000e\000n\000t\000a\000c\000j\000a\000\040\000d\000e\000f\000i\000n\000i\000c\000j\000i}{section.9.2}
\BOOKMARK [3][-]{subsubsection.9.2.1.1}{\376\377\000A\000R\000C\000H\000I\000T\000E\000C\000T\000U\000R\000E\000\137\000I\000D}{subsection.9.2.1}
\BOOKMARK [3][-]{subsubsection.9.2.1.2}{\376\377\000C\000O\000M\000P\000I\000L\000E\000R\000\137\000I\000D}{subsection.9.2.1}
\BOOKMARK [3][-]{subsubsection.9.2.1.3}{\376\377\000P\000L\000A\000T\000F\000O\000R\000M\000\137\000I\000D}{subsection.9.2.1}
\BOOKMARK [2][-]{subsection.9.2.2}{\376\377\000D\000o\000k\000u\000m\000e\000n\000t\000a\000c\000j\000a\000\040\000f\000u\000n\000k\000c\000j\000i}{section.9.2}
\BOOKMARK [3][-]{subsubsection.9.2.2.1}{\376\377\000m\000a\000i\000n}{subsection.9.2.2}
\BOOKMARK [2][-]{subsection.9.2.3}{\376\377\000D\000o\000k\000u\000m\000e\000n\000t\000a\000c\000j\000a\000\040\000z\000m\000i\000e\000n\000n\000y\000c\000h}{section.9.2}
\BOOKMARK [3][-]{subsubsection.9.2.3.1}{\376\377\000i\000n\000f\000o\000\137\000a\000r\000c\000h}{subsection.9.2.3}
\BOOKMARK [3][-]{subsubsection.9.2.3.2}{\376\377\000i\000n\000f\000o\000\137\000c\000o\000m\000p\000i\000l\000e\000r}{subsection.9.2.3}
\BOOKMARK [3][-]{subsubsection.9.2.3.3}{\376\377\000i\000n\000f\000o\000\137\000p\000l\000a\000t\000f\000o\000r\000m}{subsection.9.2.3}
\BOOKMARK [1][-]{section.9.3}{\376\377\000D\000o\000k\000u\000m\000e\000n\000t\000a\000c\000j\000a\000\040\000p\000l\000i\000k\000u\000\040\000i\000n\000c\000l\000u\000d\000e\000/\000e\000v\000e\000n\000t\000.\000h}{chapter.9}
\BOOKMARK [2][-]{subsection.9.3.1}{\376\377\000D\000o\000k\000u\000m\000e\000n\000t\000a\000c\000j\000a\000\040\000f\000u\000n\000k\000c\000j\000i}{section.9.3}
\BOOKMARK [3][-]{subsubsection.9.3.1.1}{\376\377\000o\000p\000e\000r\000a\000t\000o\000r\000<\000<}{subsection.9.3.1}
\BOOKMARK [3][-]{subsubsection.9.3.1.2}{\376\377\000o\000p\000e\000r\000a\000t\000o\000r\000>\000>}{subsection.9.3.1}
\BOOKMARK [1][-]{section.9.4}{\376\377\000D\000o\000k\000u\000m\000e\000n\000t\000a\000c\000j\000a\000\040\000p\000l\000i\000k\000u\000\040\000i\000n\000c\000l\000u\000d\000e\000/\000e\000v\000e\000n\000t\000s\000.\000h}{chapter.9}
\BOOKMARK [2][-]{subsection.9.4.1}{\376\377\000D\000o\000k\000u\000m\000e\000n\000t\000a\000c\000j\000a\000\040\000f\000u\000n\000k\000c\000j\000i}{section.9.4}
\BOOKMARK [3][-]{subsubsection.9.4.1.1}{\376\377\000o\000p\000e\000r\000a\000t\000o\000r\000<\000<}{subsection.9.4.1}
\BOOKMARK [3][-]{subsubsection.9.4.1.2}{\376\377\000o\000p\000e\000r\000a\000t\000o\000r\000>\000>}{subsection.9.4.1}
\BOOKMARK [1][-]{section.9.5}{\376\377\000D\000o\000k\000u\000m\000e\000n\000t\000a\000c\000j\000a\000\040\000p\000l\000i\000k\000u\000\040\000i\000n\000c\000l\000u\000d\000e\000/\000g\000e\000n\000e\000r\000a\000t\000o\000r\000i\000d\000g\000e\000n\000e\000r\000a\000t\000o\000r\000.\000h}{chapter.9}
\BOOKMARK [1][-]{section.9.6}{\376\377\000D\000o\000k\000u\000m\000e\000n\000t\000a\000c\000j\000a\000\040\000p\000l\000i\000k\000u\000\040\000i\000n\000c\000l\000u\000d\000e\000/\000i\000d\000g\000e\000n\000e\000r\000a\000t\000o\000r\000.\000h}{chapter.9}
\BOOKMARK [2][-]{subsection.9.6.1}{\376\377\000D\000o\000k\000u\000m\000e\000n\000t\000a\000c\000j\000a\000\040\000f\000u\000n\000k\000c\000j\000i}{section.9.6}
\BOOKMARK [3][-]{subsubsection.9.6.1.1}{\376\377\000o\000p\000e\000r\000a\000t\000o\000r\000<\000<}{subsection.9.6.1}
\BOOKMARK [3][-]{subsubsection.9.6.1.2}{\376\377\000o\000p\000e\000r\000a\000t\000o\000r\000<\000<}{subsection.9.6.1}
\BOOKMARK [3][-]{subsubsection.9.6.1.3}{\376\377\000o\000p\000e\000r\000a\000t\000o\000r\000>\000>}{subsection.9.6.1}
\BOOKMARK [3][-]{subsubsection.9.6.1.4}{\376\377\000o\000p\000e\000r\000a\000t\000o\000r\000>\000>}{subsection.9.6.1}
\BOOKMARK [1][-]{section.9.7}{\376\377\000D\000o\000k\000u\000m\000e\000n\000t\000a\000c\000j\000a\000\040\000p\000l\000i\000k\000u\000\040\000i\000n\000c\000l\000u\000d\000e\000/\000o\000b\000s\000o\000l\000e\000t\000e\000/\000a\000b\000s\000t\000r\000a\000c\000t\000i\000d\000.\000h}{chapter.9}
\BOOKMARK [1][-]{section.9.8}{\376\377\000D\000o\000k\000u\000m\000e\000n\000t\000a\000c\000j\000a\000\040\000p\000l\000i\000k\000u\000\040\000i\000n\000c\000l\000u\000d\000e\000/\000o\000b\000s\000o\000l\000e\000t\000e\000/\000a\000b\000s\000t\000r\000a\000c\000t\000i\000d\000g\000e\000n\000e\000r\000a\000t\000o\000r\000.\000h}{chapter.9}
\BOOKMARK [1][-]{section.9.9}{\376\377\000D\000o\000k\000u\000m\000e\000n\000t\000a\000c\000j\000a\000\040\000p\000l\000i\000k\000u\000\040\000i\000n\000c\000l\000u\000d\000e\000/\000o\000b\000s\000o\000l\000e\000t\000e\000/\000a\000b\000s\000t\000r\000a\000c\000t\000i\000n\000c\000r\000e\000m\000e\000n\000t\000a\000l\000i\000d\000.\000h}{chapter.9}
\BOOKMARK [1][-]{section.9.10}{\376\377\000D\000o\000k\000u\000m\000e\000n\000t\000a\000c\000j\000a\000\040\000p\000l\000i\000k\000u\000\040\000i\000n\000c\000l\000u\000d\000e\000/\000o\000b\000s\000o\000l\000e\000t\000e\000/\000a\000b\000s\000t\000r\000a\000c\000t\000r\000e\000s\000e\000r\000v\000e\000d\000i\000d\000.\000h}{chapter.9}
\BOOKMARK [1][-]{section.9.11}{\376\377\000D\000o\000k\000u\000m\000e\000n\000t\000a\000c\000j\000a\000\040\000p\000l\000i\000k\000u\000\040\000i\000n\000c\000l\000u\000d\000e\000/\000o\000b\000s\000o\000l\000e\000t\000e\000/\000e\000v\000e\000n\000t\000i\000d\000.\000h}{chapter.9}
\BOOKMARK [1][-]{section.9.12}{\376\377\000D\000o\000k\000u\000m\000e\000n\000t\000a\000c\000j\000a\000\040\000p\000l\000i\000k\000u\000\040\000i\000n\000c\000l\000u\000d\000e\000/\000o\000b\000s\000o\000l\000e\000t\000e\000/\000e\000v\000e\000n\000t\000i\000d\000g\000e\000n\000e\000r\000a\000t\000o\000r\000.\000h}{chapter.9}
\BOOKMARK [1][-]{section.9.13}{\376\377\000D\000o\000k\000u\000m\000e\000n\000t\000a\000c\000j\000a\000\040\000p\000l\000i\000k\000u\000\040\000i\000n\000c\000l\000u\000d\000e\000/\000o\000b\000s\000o\000l\000e\000t\000e\000/\000i\000d\000.\000h}{chapter.9}
\BOOKMARK [1][-]{section.9.14}{\376\377\000D\000o\000k\000u\000m\000e\000n\000t\000a\000c\000j\000a\000\040\000p\000l\000i\000k\000u\000\040\000i\000n\000c\000l\000u\000d\000e\000/\000o\000b\000s\000o\000l\000e\000t\000e\000/\000m\000a\000r\000k\000i\000d\000.\000h}{chapter.9}
\BOOKMARK [1][-]{section.9.15}{\376\377\000D\000o\000k\000u\000m\000e\000n\000t\000a\000c\000j\000a\000\040\000p\000l\000i\000k\000u\000\040\000i\000n\000c\000l\000u\000d\000e\000/\000o\000b\000s\000o\000l\000e\000t\000e\000/\000m\000a\000r\000k\000i\000d\000g\000e\000n\000e\000r\000a\000t\000o\000r\000.\000h}{chapter.9}
\BOOKMARK [1][-]{section.9.16}{\376\377\000D\000o\000k\000u\000m\000e\000n\000t\000a\000c\000j\000a\000\040\000p\000l\000i\000k\000u\000\040\000i\000n\000c\000l\000u\000d\000e\000/\000o\000b\000s\000o\000l\000e\000t\000e\000/\000s\000t\000a\000t\000e\000.\000h}{chapter.9}
\BOOKMARK [1][-]{section.9.17}{\376\377\000D\000o\000k\000u\000m\000e\000n\000t\000a\000c\000j\000a\000\040\000p\000l\000i\000k\000u\000\040\000i\000n\000c\000l\000u\000d\000e\000/\000o\000b\000s\000o\000l\000e\000t\000e\000/\000s\000u\000b\000j\000e\000c\000t\000i\000d\000.\000h}{chapter.9}
\BOOKMARK [1][-]{section.9.18}{\376\377\000D\000o\000k\000u\000m\000e\000n\000t\000a\000c\000j\000a\000\040\000p\000l\000i\000k\000u\000\040\000i\000n\000c\000l\000u\000d\000e\000/\000o\000b\000s\000o\000l\000e\000t\000e\000/\000s\000u\000b\000j\000e\000c\000t\000i\000d\000g\000e\000n\000e\000r\000a\000t\000o\000r\000.\000h}{chapter.9}
\BOOKMARK [1][-]{section.9.19}{\376\377\000D\000o\000k\000u\000m\000e\000n\000t\000a\000c\000j\000a\000\040\000p\000l\000i\000k\000u\000\040\000i\000n\000c\000l\000u\000d\000e\000/\000o\000b\000s\000o\000l\000e\000t\000e\000/\000t\000y\000p\000e\000i\000d\000.\000h}{chapter.9}
\BOOKMARK [1][-]{section.9.20}{\376\377\000D\000o\000k\000u\000m\000e\000n\000t\000a\000c\000j\000a\000\040\000p\000l\000i\000k\000u\000\040\000i\000n\000c\000l\000u\000d\000e\000/\000o\000b\000s\000o\000l\000e\000t\000e\000/\000t\000y\000p\000e\000i\000d\000g\000e\000n\000e\000r\000a\000t\000o\000r\000.\000h}{chapter.9}
\BOOKMARK [1][-]{section.9.21}{\376\377\000D\000o\000k\000u\000m\000e\000n\000t\000a\000c\000j\000a\000\040\000p\000l\000i\000k\000u\000\040\000i\000n\000c\000l\000u\000d\000e\000/\000s\000u\000b\000j\000e\000c\000t\000.\000h}{chapter.9}
\BOOKMARK [1][-]{section.9.22}{\376\377\000D\000o\000k\000u\000m\000e\000n\000t\000a\000c\000j\000a\000\040\000p\000l\000i\000k\000u\000\040\000i\000n\000c\000l\000u\000d\000e\000/\000s\000u\000b\000j\000e\000c\000t\000s\000.\000h}{chapter.9}
\BOOKMARK [1][-]{section.9.23}{\376\377\000D\000o\000k\000u\000m\000e\000n\000t\000a\000c\000j\000a\000\040\000p\000l\000i\000k\000u\000\040\000i\000n\000c\000l\000u\000d\000e\000/\000t\000e\000r\000m\000.\000h}{chapter.9}
\BOOKMARK [2][-]{subsection.9.23.1}{\376\377\000D\000o\000k\000u\000m\000e\000n\000t\000a\000c\000j\000a\000\040\000f\000u\000n\000k\000c\000j\000i}{section.9.23}
\BOOKMARK [3][-]{subsubsection.9.23.1.1}{\376\377\000o\000p\000e\000r\000a\000t\000o\000r\000<\000<}{subsection.9.23.1}
\BOOKMARK [3][-]{subsubsection.9.23.1.2}{\376\377\000o\000p\000e\000r\000a\000t\000o\000r\000>\000>}{subsection.9.23.1}
\BOOKMARK [1][-]{section.9.24}{\376\377\000D\000o\000k\000u\000m\000e\000n\000t\000a\000c\000j\000a\000\040\000p\000l\000i\000k\000u\000\040\000i\000n\000c\000l\000u\000d\000e\000/\000t\000y\000p\000e\000.\000h}{chapter.9}
\BOOKMARK [1][-]{section.9.25}{\376\377\000D\000o\000k\000u\000m\000e\000n\000t\000a\000c\000j\000a\000\040\000p\000l\000i\000k\000u\000\040\000m\000a\000i\000n\000.\000c\000p\000p}{chapter.9}
\BOOKMARK [2][-]{subsection.9.25.1}{\376\377\000D\000o\000k\000u\000m\000e\000n\000t\000a\000c\000j\000a\000\040\000f\000u\000n\000k\000c\000j\000i}{section.9.25}
\BOOKMARK [3][-]{subsubsection.9.25.1.1}{\376\377\000m\000a\000i\000n}{subsection.9.25.1}
\BOOKMARK [1][-]{section.9.26}{\376\377\000D\000o\000k\000u\000m\000e\000n\000t\000a\000c\000j\000a\000\040\000p\000l\000i\000k\000u\000\040\000s\000r\000c\000/\000e\000v\000e\000n\000t\000.\000c\000p\000p}{chapter.9}
\BOOKMARK [2][-]{subsection.9.26.1}{\376\377\000D\000o\000k\000u\000m\000e\000n\000t\000a\000c\000j\000a\000\040\000f\000u\000n\000k\000c\000j\000i}{section.9.26}
\BOOKMARK [3][-]{subsubsection.9.26.1.1}{\376\377\000o\000p\000e\000r\000a\000t\000o\000r\000<\000<}{subsection.9.26.1}
\BOOKMARK [3][-]{subsubsection.9.26.1.2}{\376\377\000o\000p\000e\000r\000a\000t\000o\000r\000>\000>}{subsection.9.26.1}
\BOOKMARK [1][-]{section.9.27}{\376\377\000D\000o\000k\000u\000m\000e\000n\000t\000a\000c\000j\000a\000\040\000p\000l\000i\000k\000u\000\040\000s\000r\000c\000/\000e\000v\000e\000n\000t\000s\000.\000c\000p\000p}{chapter.9}
\BOOKMARK [2][-]{subsection.9.27.1}{\376\377\000D\000o\000k\000u\000m\000e\000n\000t\000a\000c\000j\000a\000\040\000f\000u\000n\000k\000c\000j\000i}{section.9.27}
\BOOKMARK [3][-]{subsubsection.9.27.1.1}{\376\377\000o\000p\000e\000r\000a\000t\000o\000r\000<\000<}{subsection.9.27.1}
\BOOKMARK [3][-]{subsubsection.9.27.1.2}{\376\377\000o\000p\000e\000r\000a\000t\000o\000r\000>\000>}{subsection.9.27.1}
\BOOKMARK [1][-]{section.9.28}{\376\377\000D\000o\000k\000u\000m\000e\000n\000t\000a\000c\000j\000a\000\040\000p\000l\000i\000k\000u\000\040\000s\000r\000c\000/\000g\000e\000n\000e\000r\000a\000t\000o\000r\000i\000d\000g\000e\000n\000e\000r\000a\000t\000o\000r\000.\000c\000p\000p}{chapter.9}
\BOOKMARK [1][-]{section.9.29}{\376\377\000D\000o\000k\000u\000m\000e\000n\000t\000a\000c\000j\000a\000\040\000p\000l\000i\000k\000u\000\040\000s\000r\000c\000/\000i\000d\000g\000e\000n\000e\000r\000a\000t\000o\000r\000.\000c\000p\000p}{chapter.9}
\BOOKMARK [2][-]{subsection.9.29.1}{\376\377\000D\000o\000k\000u\000m\000e\000n\000t\000a\000c\000j\000a\000\040\000f\000u\000n\000k\000c\000j\000i}{section.9.29}
\BOOKMARK [3][-]{subsubsection.9.29.1.1}{\376\377\000o\000p\000e\000r\000a\000t\000o\000r\000<\000<}{subsection.9.29.1}
\BOOKMARK [3][-]{subsubsection.9.29.1.2}{\376\377\000o\000p\000e\000r\000a\000t\000o\000r\000<\000<}{subsection.9.29.1}
\BOOKMARK [3][-]{subsubsection.9.29.1.3}{\376\377\000o\000p\000e\000r\000a\000t\000o\000r\000>\000>}{subsection.9.29.1}
\BOOKMARK [3][-]{subsubsection.9.29.1.4}{\376\377\000o\000p\000e\000r\000a\000t\000o\000r\000>\000>}{subsection.9.29.1}
\BOOKMARK [1][-]{section.9.30}{\376\377\000D\000o\000k\000u\000m\000e\000n\000t\000a\000c\000j\000a\000\040\000p\000l\000i\000k\000u\000\040\000s\000r\000c\000/\000o\000b\000s\000o\000l\000e\000t\000e\000/\000a\000b\000s\000t\000r\000a\000c\000t\000i\000d\000.\000c\000p\000p}{chapter.9}
\BOOKMARK [2][-]{subsection.9.30.1}{\376\377\000D\000o\000k\000u\000m\000e\000n\000t\000a\000c\000j\000a\000\040\000f\000u\000n\000k\000c\000j\000i}{section.9.30}
\BOOKMARK [3][-]{subsubsection.9.30.1.1}{\376\377\000o\000p\000e\000r\000a\000t\000o\000r\000<\000<}{subsection.9.30.1}
\BOOKMARK [3][-]{subsubsection.9.30.1.2}{\376\377\000o\000p\000e\000r\000a\000t\000o\000r\000>\000>}{subsection.9.30.1}
\BOOKMARK [1][-]{section.9.31}{\376\377\000D\000o\000k\000u\000m\000e\000n\000t\000a\000c\000j\000a\000\040\000p\000l\000i\000k\000u\000\040\000s\000r\000c\000/\000o\000b\000s\000o\000l\000e\000t\000e\000/\000a\000b\000s\000t\000r\000a\000c\000t\000i\000d\000g\000e\000n\000e\000r\000a\000t\000o\000r\000.\000c\000p\000p}{chapter.9}
\BOOKMARK [1][-]{section.9.32}{\376\377\000D\000o\000k\000u\000m\000e\000n\000t\000a\000c\000j\000a\000\040\000p\000l\000i\000k\000u\000\040\000s\000r\000c\000/\000o\000b\000s\000o\000l\000e\000t\000e\000/\000a\000b\000s\000t\000r\000a\000c\000t\000i\000n\000c\000r\000e\000m\000e\000n\000t\000a\000l\000i\000d\000.\000c\000p\000p}{chapter.9}
\BOOKMARK [1][-]{section.9.33}{\376\377\000D\000o\000k\000u\000m\000e\000n\000t\000a\000c\000j\000a\000\040\000p\000l\000i\000k\000u\000\040\000s\000r\000c\000/\000o\000b\000s\000o\000l\000e\000t\000e\000/\000a\000b\000s\000t\000r\000a\000c\000t\000r\000e\000s\000e\000r\000v\000e\000d\000i\000d\000.\000c\000p\000p}{chapter.9}
\BOOKMARK [1][-]{section.9.34}{\376\377\000D\000o\000k\000u\000m\000e\000n\000t\000a\000c\000j\000a\000\040\000p\000l\000i\000k\000u\000\040\000s\000r\000c\000/\000o\000b\000s\000o\000l\000e\000t\000e\000/\000e\000v\000e\000n\000t\000i\000d\000.\000c\000p\000p}{chapter.9}
\BOOKMARK [1][-]{section.9.35}{\376\377\000D\000o\000k\000u\000m\000e\000n\000t\000a\000c\000j\000a\000\040\000p\000l\000i\000k\000u\000\040\000s\000r\000c\000/\000o\000b\000s\000o\000l\000e\000t\000e\000/\000e\000v\000e\000n\000t\000i\000d\000g\000e\000n\000e\000r\000a\000t\000o\000r\000.\000c\000p\000p}{chapter.9}
\BOOKMARK [1][-]{section.9.36}{\376\377\000D\000o\000k\000u\000m\000e\000n\000t\000a\000c\000j\000a\000\040\000p\000l\000i\000k\000u\000\040\000s\000r\000c\000/\000o\000b\000s\000o\000l\000e\000t\000e\000/\000i\000d\000.\000c\000p\000p}{chapter.9}
\BOOKMARK [1][-]{section.9.37}{\376\377\000D\000o\000k\000u\000m\000e\000n\000t\000a\000c\000j\000a\000\040\000p\000l\000i\000k\000u\000\040\000s\000r\000c\000/\000o\000b\000s\000o\000l\000e\000t\000e\000/\000m\000a\000r\000k\000i\000d\000.\000c\000p\000p}{chapter.9}
\BOOKMARK [1][-]{section.9.38}{\376\377\000D\000o\000k\000u\000m\000e\000n\000t\000a\000c\000j\000a\000\040\000p\000l\000i\000k\000u\000\040\000s\000r\000c\000/\000o\000b\000s\000o\000l\000e\000t\000e\000/\000m\000a\000r\000k\000i\000d\000g\000e\000n\000e\000r\000a\000t\000o\000r\000.\000c\000p\000p}{chapter.9}
\BOOKMARK [1][-]{section.9.39}{\376\377\000D\000o\000k\000u\000m\000e\000n\000t\000a\000c\000j\000a\000\040\000p\000l\000i\000k\000u\000\040\000s\000r\000c\000/\000o\000b\000s\000o\000l\000e\000t\000e\000/\000s\000t\000a\000t\000e\000.\000c\000p\000p}{chapter.9}
\BOOKMARK [1][-]{section.9.40}{\376\377\000D\000o\000k\000u\000m\000e\000n\000t\000a\000c\000j\000a\000\040\000p\000l\000i\000k\000u\000\040\000s\000r\000c\000/\000o\000b\000s\000o\000l\000e\000t\000e\000/\000s\000u\000b\000j\000e\000c\000t\000i\000d\000.\000c\000p\000p}{chapter.9}
\BOOKMARK [1][-]{section.9.41}{\376\377\000D\000o\000k\000u\000m\000e\000n\000t\000a\000c\000j\000a\000\040\000p\000l\000i\000k\000u\000\040\000s\000r\000c\000/\000o\000b\000s\000o\000l\000e\000t\000e\000/\000s\000u\000b\000j\000e\000c\000t\000i\000d\000g\000e\000n\000e\000r\000a\000t\000o\000r\000.\000c\000p\000p}{chapter.9}
\BOOKMARK [1][-]{section.9.42}{\376\377\000D\000o\000k\000u\000m\000e\000n\000t\000a\000c\000j\000a\000\040\000p\000l\000i\000k\000u\000\040\000s\000r\000c\000/\000o\000b\000s\000o\000l\000e\000t\000e\000/\000t\000y\000p\000e\000i\000d\000.\000c\000p\000p}{chapter.9}
\BOOKMARK [1][-]{section.9.43}{\376\377\000D\000o\000k\000u\000m\000e\000n\000t\000a\000c\000j\000a\000\040\000p\000l\000i\000k\000u\000\040\000s\000r\000c\000/\000o\000b\000s\000o\000l\000e\000t\000e\000/\000t\000y\000p\000e\000i\000d\000g\000e\000n\000e\000r\000a\000t\000o\000r\000.\000c\000p\000p}{chapter.9}
\BOOKMARK [1][-]{section.9.44}{\376\377\000D\000o\000k\000u\000m\000e\000n\000t\000a\000c\000j\000a\000\040\000p\000l\000i\000k\000u\000\040\000s\000r\000c\000/\000s\000u\000b\000j\000e\000c\000t\000.\000c\000p\000p}{chapter.9}
\BOOKMARK [1][-]{section.9.45}{\376\377\000D\000o\000k\000u\000m\000e\000n\000t\000a\000c\000j\000a\000\040\000p\000l\000i\000k\000u\000\040\000s\000r\000c\000/\000s\000u\000b\000j\000e\000c\000t\000s\000.\000c\000p\000p}{chapter.9}
\BOOKMARK [1][-]{section.9.46}{\376\377\000D\000o\000k\000u\000m\000e\000n\000t\000a\000c\000j\000a\000\040\000p\000l\000i\000k\000u\000\040\000s\000r\000c\000/\000t\000e\000r\000m\000.\000c\000p\000p}{chapter.9}
\BOOKMARK [2][-]{subsection.9.46.1}{\376\377\000D\000o\000k\000u\000m\000e\000n\000t\000a\000c\000j\000a\000\040\000f\000u\000n\000k\000c\000j\000i}{section.9.46}
\BOOKMARK [3][-]{subsubsection.9.46.1.1}{\376\377\000o\000p\000e\000r\000a\000t\000o\000r\000<\000<}{subsection.9.46.1}
\BOOKMARK [3][-]{subsubsection.9.46.1.2}{\376\377\000o\000p\000e\000r\000a\000t\000o\000r\000>\000>}{subsection.9.46.1}
\BOOKMARK [1][-]{section.9.47}{\376\377\000D\000o\000k\000u\000m\000e\000n\000t\000a\000c\000j\000a\000\040\000p\000l\000i\000k\000u\000\040\000s\000r\000c\000/\000t\000y\000p\000e\000.\000c\000p\000p}{chapter.9}
